0 info it worked if it ends with ok
1 verbose cli [ '/Users/baidu/.nvm/versions/node/v5.0.0/bin/node',
1 verbose cli   '/Users/baidu/.nvm/versions/node/v5.0.0/bin/npm',
1 verbose cli   'run',
1 verbose cli   'pub',
1 verbose cli   '--',
1 verbose cli   'button' ]
2 info using npm@3.3.6
3 info using node@v5.0.0
4 verbose run-script [ 'prepub', 'pub', 'postpub' ]
5 info lifecycle awesome@1.0.1~prepub: awesome@1.0.1
6 silly lifecycle awesome@1.0.1~prepub: no script for prepub, continuing
7 info lifecycle awesome@1.0.1~pub: awesome@1.0.1
8 verbose lifecycle awesome@1.0.1~pub: unsafe-perm in lifecycle true
9 verbose lifecycle awesome@1.0.1~pub: PATH: /Users/baidu/.nvm/versions/node/v5.0.0/lib/node_modules/npm/bin/node-gyp-bin:/Users/baidu/tieba/awesome/node_modules/.bin:/Users/baidu/.nvm/versions/node/v5.0.0/bin:/usr/local/Cellar/ant/1.9.6/bin:/Users/baidu/lib/cocos2d-x-3.8/templates:/Users/baidu/lib/cocos2d-x-3.8/tools/cocos2d-console/bin:/usr/local/bin:/usr/bin:/bin:/usr/sbin:/sbin
10 verbose lifecycle awesome@1.0.1~pub: CWD: /Users/baidu/tieba/awesome
11 silly lifecycle awesome@1.0.1~pub: Args: [ '-c', './publish.sh "button"' ]
12 silly lifecycle awesome@1.0.1~pub: Returned: code: 1  signal: null
13 info lifecycle awesome@1.0.1~pub: Failed to exec pub script
14 verbose stack Error: awesome@1.0.1 pub: `./publish.sh "button"`
14 verbose stack Exit status 1
14 verbose stack     at EventEmitter.<anonymous> (/Users/baidu/.nvm/versions/node/v5.0.0/lib/node_modules/npm/lib/utils/lifecycle.js:233:16)
14 verbose stack     at emitTwo (events.js:87:13)
14 verbose stack     at EventEmitter.emit (events.js:172:7)
14 verbose stack     at ChildProcess.<anonymous> (/Users/baidu/.nvm/versions/node/v5.0.0/lib/node_modules/npm/lib/utils/spawn.js:24:14)
14 verbose stack     at emitTwo (events.js:87:13)
14 verbose stack     at ChildProcess.emit (events.js:172:7)
14 verbose stack     at maybeClose (internal/child_process.js:818:16)
14 verbose stack     at Process.ChildProcess._handle.onexit (internal/child_process.js:211:5)
15 verbose pkgid awesome@1.0.1
16 verbose cwd /Users/baidu/tieba/awesome
17 error Darwin 14.5.0
18 error argv "/Users/baidu/.nvm/versions/node/v5.0.0/bin/node" "/Users/baidu/.nvm/versions/node/v5.0.0/bin/npm" "run" "pub" "--" "button"
19 error node v5.0.0
20 error npm  v3.3.6
21 error code ELIFECYCLE
22 error awesome@1.0.1 pub: `./publish.sh "button"`
22 error Exit status 1
23 error Failed at the awesome@1.0.1 pub script './publish.sh "button"'.
23 error This is most likely a problem with the awesome package,
23 error not with npm itself.
23 error Tell the author that this fails on your system:
23 error     ./publish.sh "button"
23 error You can get their info via:
23 error     npm owner ls awesome
23 error There is likely additional logging output above.
24 verbose exit [ 1, true ]
