0 info it worked if it ends with ok
1 verbose cli [ '/usr/local/bin/node', '/usr/local/bin/npm', 'publish' ]
2 info using npm@3.3.12
3 info using node@v5.1.0
4 verbose publish [ '.' ]
5 silly cache add args [ '.', null ]
6 verbose cache add spec .
7 silly cache add parsed spec Result {
7 silly cache add   raw: '.',
7 silly cache add   scope: null,
7 silly cache add   name: null,
7 silly cache add   rawSpec: '.',
7 silly cache add   spec: '/Users/andycall/baiduYun/Baidu/awesome/lib/datepicker',
7 silly cache add   type: 'directory' }
8 verbose addLocalDirectory /Users/andycall/.npm/tb-datepicker/0.1.7/package.tgz not in flight; packing
9 info lifecycle tb-datepicker@0.1.7~prepublish: tb-datepicker@0.1.7
10 silly lifecycle tb-datepicker@0.1.7~prepublish: no script for prepublish, continuing
11 verbose tar pack [ '/Users/andycall/.npm/tb-datepicker/0.1.7/package.tgz',
11 verbose tar pack   '/Users/andycall/baiduYun/Baidu/awesome/lib/datepicker' ]
12 verbose tarball /Users/andycall/.npm/tb-datepicker/0.1.7/package.tgz
13 verbose folder /Users/andycall/baiduYun/Baidu/awesome/lib/datepicker
14 verbose addLocalTarball adding from inside cache /Users/andycall/.npm/tb-datepicker/0.1.7/package.tgz
15 silly cache afterAdd tb-datepicker@0.1.7
16 verbose afterAdd /Users/andycall/.npm/tb-datepicker/0.1.7/package/package.json not in flight; writing
17 verbose afterAdd /Users/andycall/.npm/tb-datepicker/0.1.7/package/package.json written
18 silly publish { name: 'tb-datepicker',
18 silly publish   version: '0.1.7',
18 silly publish   description: 'tb react datapicker',
18 silly publish   main: 'index.js',
18 silly publish   scripts: { test: 'echo "Error: no test specified" && exit 1' },
18 silly publish   repository:
18 silly publish    { type: 'git',
18 silly publish      url: 'ssh://g@gitlab.baidu.com:8022/tb-component/datepicker.git' },
18 silly publish   keywords: [ 'react', 'antd', 'datapicker' ],
18 silly publish   author: { name: 'tieba' },
18 silly publish   license: 'ISC',
18 silly publish   readme: 'datepikcer\r\n================\r\n\r\nhelloworld',
18 silly publish   readmeFilename: 'README.md',
18 silly publish   _id: 'tb-datepicker@0.1.7',
18 silly publish   _shasum: '1292d30794bbdfb9e61ebb77678a5c5cc80be605',
18 silly publish   _from: '.' }
19 verbose getPublishConfig undefined
20 silly mapToRegistry name tb-datepicker
21 silly mapToRegistry using default registry
22 silly mapToRegistry registry https://registry.npmjs.org/
23 silly mapToRegistry uri https://registry.npmjs.org/tb-datepicker
24 verbose publish registryBase https://registry.npmjs.org/
25 silly publish uploading /Users/andycall/.npm/tb-datepicker/0.1.7/package.tgz
26 verbose request uri https://registry.npmjs.org/tb-datepicker
27 verbose request sending authorization for write operation
28 info attempt registry request try #1 at 10:13:09
29 verbose request using bearer token for auth
30 verbose request id 55348c2e6aa403aa
31 http request PUT https://registry.npmjs.org/tb-datepicker
32 http 403 https://registry.npmjs.org/tb-datepicker
33 verbose headers { 'content-type': 'application/json',
33 verbose headers   'cache-control': 'max-age=300',
33 verbose headers   'content-length': '105',
33 verbose headers   'accept-ranges': 'bytes',
33 verbose headers   date: 'Fri, 11 Dec 2015 02:13:09 GMT',
33 verbose headers   via: '1.1 varnish',
33 verbose headers   connection: 'keep-alive',
33 verbose headers   'x-served-by': 'cache-itm7421-ITM',
33 verbose headers   'x-cache': 'MISS',
33 verbose headers   'x-cache-hits': '0',
33 verbose headers   'x-timer': 'S1449799988.791592,VS0,VE651' }
34 verbose request invalidating /Users/andycall/.npm/registry.npmjs.org/tb-datepicker on PUT
35 error publish Failed PUT 403
36 verbose stack Error: You do not have permission to publish 'tb-datepicker'. Are you logged in as the correct user? : tb-datepicker
36 verbose stack     at makeError (/usr/local/lib/node_modules/npm/node_modules/npm-registry-client/lib/request.js:264:12)
36 verbose stack     at CachingRegistryClient.<anonymous> (/usr/local/lib/node_modules/npm/node_modules/npm-registry-client/lib/request.js:252:14)
36 verbose stack     at Request._callback (/usr/local/lib/node_modules/npm/node_modules/npm-registry-client/lib/request.js:172:14)
36 verbose stack     at Request.self.callback (/usr/local/lib/node_modules/npm/node_modules/request/request.js:198:22)
36 verbose stack     at emitTwo (events.js:87:13)
36 verbose stack     at Request.emit (events.js:172:7)
36 verbose stack     at Request.<anonymous> (/usr/local/lib/node_modules/npm/node_modules/request/request.js:1082:10)
36 verbose stack     at emitOne (events.js:82:20)
36 verbose stack     at Request.emit (events.js:169:7)
36 verbose stack     at IncomingMessage.<anonymous> (/usr/local/lib/node_modules/npm/node_modules/request/request.js:1009:12)
37 verbose statusCode 403
38 verbose pkgid tb-datepicker
39 verbose cwd /Users/andycall/baiduYun/Baidu/awesome/lib/datepicker
40 error Darwin 15.0.0
41 error argv "/usr/local/bin/node" "/usr/local/bin/npm" "publish"
42 error node v5.1.0
43 error npm  v3.3.12
44 error code E403
45 error You do not have permission to publish 'tb-datepicker'. Are you logged in as the correct user? : tb-datepicker
46 error If you need help, you may report this error at:
46 error     <https://github.com/npm/npm/issues>
47 verbose exit [ 1, true ]
